<?xml version="1.0" encoding="UTF-8"?>
<!-- Generated by org.testng.reporters.JUnitReportReporter -->
<testsuite hostname="DESKTOP-TVSNIAO" failures="0" tests="1" name="com.packtWebsiteAutomation.PacktSiteAutomation.TitleCarouselCheck" time="0.000" errors="0" timestamp="2023-11-14T12:41:14 IST" skipped="1">
  <testcase classname="com.packtWebsiteAutomation.PacktSiteAutomation.TitleCarouselCheck" name="TestToClickTitles" time="0.000">
    <skipped/>
  </testcase> <!-- TestToClickTitles -->
  <system-out/>
</testsuite> <!-- com.packtWebsiteAutomation.PacktSiteAutomation.TitleCarouselCheck -->
