<?xml version="1.0" encoding="UTF-8"?>
<!-- Generated by org.testng.reporters.JUnitReportReporter -->
<testsuite hostname="DESKTOP-TVSNIAO" failures="0" tests="1" name="com.packtWebsiteAutomation.PacktSiteAutomation.NavigationTest" time="25.139" errors="0" timestamp="2023-11-14T14:45:17 IST" skipped="0">
  <testcase classname="com.packtWebsiteAutomation.PacktSiteAutomation.NavigationTest" name="testNavigation" time="25.139"/>
  <system-out/>
</testsuite> <!-- com.packtWebsiteAutomation.PacktSiteAutomation.NavigationTest -->
