<?xml version="1.0" encoding="UTF-8"?>
<!-- Generated by org.testng.reporters.JUnitReportReporter -->
<testsuite hostname="DESKTOP-TVSNIAO" failures="0" tests="1" name="com.packtWebsiteAutomation.PacktSiteAutomation.TitleCarouselCheck" time="403.796" errors="0" timestamp="2023-11-14T14:16:32 IST" skipped="0">
  <testcase classname="com.packtWebsiteAutomation.PacktSiteAutomation.TitleCarouselCheck" name="TestToClickTitles" time="403.796"/>
  <system-out/>
</testsuite> <!-- com.packtWebsiteAutomation.PacktSiteAutomation.TitleCarouselCheck -->
