<?xml version="1.0" encoding="UTF-8"?>
<!-- Generated by org.testng.reporters.JUnitReportReporter -->
<testsuite hostname="DESKTOP-TVSNIAO" failures="0" tests="1" name="com.packtWebsiteAutomation.PacktSiteAutomation.CheckBrowseLibraryTest" time="29.909" errors="0" timestamp="2023-11-14T14:45:17 IST" skipped="0">
  <testcase classname="com.packtWebsiteAutomation.PacktSiteAutomation.CheckBrowseLibraryTest" name="BrowserLibraryVerification" time="29.909"/>
  <system-out/>
</testsuite> <!-- com.packtWebsiteAutomation.PacktSiteAutomation.CheckBrowseLibraryTest -->
