<?xml version="1.0" encoding="UTF-8"?>
<!-- Generated by org.testng.reporters.JUnitReportReporter -->
<testsuite hostname="DESKTOP-TVSNIAO" failures="0" tests="4" name="com.packtWebsiteAutomation.PacktSiteAutomation.WebPageElementTest" time="0.220" errors="0" timestamp="2023-11-14T14:45:17 IST" skipped="0">
  <testcase classname="com.packtWebsiteAutomation.PacktSiteAutomation.WebPageElementTest" name="testSearchPosition" time="0.060"/>
  <system-out/>
  <testcase classname="com.packtWebsiteAutomation.PacktSiteAutomation.WebPageElementTest" name="testButtonColor" time="0.068"/>
  <system-out/>
  <testcase classname="com.packtWebsiteAutomation.PacktSiteAutomation.WebPageElementTest" name="testText" time="0.046"/>
  <system-out/>
  <testcase classname="com.packtWebsiteAutomation.PacktSiteAutomation.WebPageElementTest" name="testLogo" time="0.046"/>
  <system-out/>
</testsuite> <!-- com.packtWebsiteAutomation.PacktSiteAutomation.WebPageElementTest -->
