<?xml version="1.0" encoding="UTF-8"?>
<!-- Generated by org.testng.reporters.JUnitReportReporter -->
<testsuite hostname="DESKTOP-TVSNIAO" failures="0" tests="1" name="com.packtWebsiteAutomation.PacktSiteAutomation.TitleCarouselCheckTest" time="387.989" errors="0" timestamp="2023-11-14T14:45:17 IST" skipped="0">
  <testcase classname="com.packtWebsiteAutomation.PacktSiteAutomation.TitleCarouselCheckTest" name="TestToClickTitles" time="387.989"/>
  <system-out/>
</testsuite> <!-- com.packtWebsiteAutomation.PacktSiteAutomation.TitleCarouselCheckTest -->
