<?xml version="1.0" encoding="UTF-8"?>
<!-- Generated by org.testng.reporters.JUnitReportReporter -->
<testsuite hostname="DESKTOP-TVSNIAO" failures="0" tests="1" name="com.packtWebsiteAutomation.PacktSiteAutomation.CheckBrowseLibrary" time="30.155" errors="0" timestamp="2023-11-14T14:26:27 IST" skipped="0">
  <testcase classname="com.packtWebsiteAutomation.PacktSiteAutomation.CheckBrowseLibrary" name="BrowserLibraryVerification" time="30.155"/>
  <system-out/>
</testsuite> <!-- com.packtWebsiteAutomation.PacktSiteAutomation.CheckBrowseLibrary -->
