<?xml version="1.0" encoding="UTF-8"?>
<!-- Generated by org.testng.reporters.JUnitReportReporter -->
<testsuite hostname="DESKTOP-TVSNIAO" failures="0" tests="4" name="com.packtWebsiteAutomation.PacktSiteAutomation.WebPageElementTest" time="0.165" errors="0" timestamp="2023-12-18T10:42:37 IST" skipped="0">
  <testcase classname="com.packtWebsiteAutomation.PacktSiteAutomation.WebPageElementTest" name="testLogo" time="0.072"/>
  <system-out/>
  <testcase classname="com.packtWebsiteAutomation.PacktSiteAutomation.WebPageElementTest" name="testButtonColor" time="0.025"/>
  <system-out/>
  <testcase classname="com.packtWebsiteAutomation.PacktSiteAutomation.WebPageElementTest" name="testSearchPosition" time="0.042"/>
  <system-out/>
  <testcase classname="com.packtWebsiteAutomation.PacktSiteAutomation.WebPageElementTest" name="testText" time="0.026"/>
  <system-out/>
</testsuite> <!-- com.packtWebsiteAutomation.PacktSiteAutomation.WebPageElementTest -->
