<?xml version="1.0" encoding="UTF-8"?>
<!-- Generated by org.testng.reporters.JUnitReportReporter -->
<testsuite hostname="DESKTOP-TVSNIAO" failures="0" tests="1" name="com.packtWebsiteAutomation.PacktSiteAutomation.CheckBrowseLibraryTest" time="29.178" errors="0" timestamp="2023-12-18T10:42:37 IST" skipped="0">
  <testcase classname="com.packtWebsiteAutomation.PacktSiteAutomation.CheckBrowseLibraryTest" name="BrowserLibraryVerification" time="29.178"/>
  <system-out/>
</testsuite> <!-- com.packtWebsiteAutomation.PacktSiteAutomation.CheckBrowseLibraryTest -->
